Total cf length 142525
# nan 131372
cf_idx[:50] [ True  True  True  True  True  True  True  True  True  True  True  True
  True  True  True  True  True  True  True  True  True  True  True  True
  True  True  True  True  True  True  True  True  True  True  True  True
  True  True  True  True  True  True  True  True  True  True  True  True
  True  True]
cf shape before (142525, 3)
cf shape after (131372, 3)
cf_full [[ 0.13368319 -0.17303429 -0.20349197]
 [ 0.13368319 -0.17303429 -0.20349197]
 [ 0.13368319 -0.17303429 -0.20349197]
 [ 0.13368319 -0.17303429 -0.20349197]
 [ 0.13368319 -0.17303429 -0.20349197]]
cf_cf [[ 0.13368319 -0.17303429 -0.20349197]
 [ 0.13368319 -0.17303429 -0.20349197]
 [ 0.13368319 -0.17303429 -0.20349197]
 [ 0.13368319 -0.17303429 -0.20349197]
 [ 0.13368319 -0.17303429 -0.20349197]]
mask shape before (142525, 192, 160, 1)
mask shape after (131372, 192, 160, 1)
train shape before (142525, 192, 160, 4)
train shape after (131372, 192, 160, 4)
train shapes mri, mask, cf
(118235, 192, 160, 4)
(118235, 192, 160, 1)
(118235, 3)
val shapes mri, mask, cf
(13137, 192, 160, 4)
(13137, 192, 160, 1)
(13137, 3)
cf
[[ 0.13368319 -0.17303429 -0.20349197]
 [ 0.13368319 -0.17303429 -0.20349197]
 [ 0.13368319 -0.17303429 -0.20349197]
 [ 0.13368319 -0.17303429 -0.20349197]
 [ 0.13368319 -0.17303429 -0.20349197]]
[[ 0.05678953 -0.44940276 -1.18879151]
 [ 0.05678953 -0.44940276 -1.18879151]
 [ 0.05678953 -0.44940276 -1.18879151]
 [ 0.05678953 -0.44940276 -1.18879151]
 [ 0.05678953 -0.44940276 -1.18879151]]
