Lmod Warning: MODULEPATH directory: "/apps/eb/modules/all" has too many
non-modulefiles (185). Please make sure that modulefiles are in their own
directory and not mixed in with non-modulefiles (e.g. source code)



Lmod Warning: MODULEPATH directory: "/apps/eb/modules/all" has too many
non-modulefiles (185). Please make sure that modulefiles are in their own
directory and not mixed in with non-modulefiles (e.g. source code)



Lmod Warning: MODULEPATH directory: "/apps/eb/modules/all" has too many
non-modulefiles (185). Please make sure that modulefiles are in their own
directory and not mixed in with non-modulefiles (e.g. source code)




The following have been reloaded with a version change:
  1) FFTW/3.3.8-gompic-2019b => FFTW/3.3.8-gompi-2019b
  2) HDF5/1.10.5-gompic-2019b => HDF5/1.10.5-gompi-2019b
  3) OpenMPI/3.1.4-gcccuda-2019b => OpenMPI/3.1.4-GCC-8.3.0
  4) ScaLAPACK/2.0.2-gompic-2019b => ScaLAPACK/2.0.2-gompi-2019b
  5) SciPy-bundle/2019.10-fosscuda-2019b-Python-3.7.4 => SciPy-bundle/2019.10-foss-2019b-Python-3.7.4

Lmod Warning: MODULEPATH directory: "/apps/eb/modules/all" has too many
non-modulefiles (185). Please make sure that modulefiles are in their own
directory and not mixed in with non-modulefiles (e.g. source code)




The following have been reloaded with a version change:
  1) SciPy-bundle/2019.10-foss-2019b-Python-3.7.4 => SciPy-bundle/2019.10-fosscuda-2019b-Python-3.7.4

Lmod Warning: MODULEPATH directory: "/apps/eb/modules/all" has too many
non-modulefiles (185). Please make sure that modulefiles are in their own
directory and not mixed in with non-modulefiles (e.g. source code)



Lmod Warning: MODULEPATH directory: "/apps/eb/modules/all" has too many
non-modulefiles (185). Please make sure that modulefiles are in their own
directory and not mixed in with non-modulefiles (e.g. source code)



Lmod Warning: MODULEPATH directory: "/apps/eb/modules/all" has too many
non-modulefiles (185). Please make sure that modulefiles are in their own
directory and not mixed in with non-modulefiles (e.g. source code)




The following have been reloaded with a version change:
  1) SciPy-bundle/2019.10-fosscuda-2019b-Python-3.7.4 => SciPy-bundle/2019.10-foss-2019b-Python-3.7.4
  2) scikit-learn/0.21.3-fosscuda-2019b-Python-3.7.4 => scikit-learn/0.21.3-foss-2019b-Python-3.7.4

Lmod Warning: MODULEPATH directory: "/apps/eb/modules/all" has too many
non-modulefiles (185). Please make sure that modulefiles are in their own
directory and not mixed in with non-modulefiles (e.g. source code)



Lmod Warning: MODULEPATH directory: "/apps/eb/modules/all" has too many
non-modulefiles (185). Please make sure that modulefiles are in their own
directory and not mixed in with non-modulefiles (e.g. source code)




The following have been reloaded with a version change:
  1) LibTIFF/4.0.10-GCCcore-8.3.0 => LibTIFF/4.1.0-GCCcore-8.3.0
  2) Pillow/6.2.1-GCCcore-8.3.0 => Pillow/7.0.0-GCCcore-8.3.0-Python-3.7.4

Lmod Warning: MODULEPATH directory: "/apps/eb/modules/all" has too many
non-modulefiles (185). Please make sure that modulefiles are in their own
directory and not mixed in with non-modulefiles (e.g. source code)




The following have been reloaded with a version change:
  1) LibTIFF/4.1.0-GCCcore-8.3.0 => LibTIFF/4.0.10-GCCcore-8.3.0

Lmod Warning: MODULEPATH directory: "/apps/eb/modules/all" has too many
non-modulefiles (185). Please make sure that modulefiles are in their own
directory and not mixed in with non-modulefiles (e.g. source code)



Lmod Warning: MODULEPATH directory: "/apps/eb/modules/all" has too many
non-modulefiles (185). Please make sure that modulefiles are in their own
directory and not mixed in with non-modulefiles (e.g. source code)




The following have been reloaded with a version change:
  1) HDF5/1.10.5-gompi-2019b => HDF5/1.10.5-gompic-2019b
  2) SciPy-bundle/2019.10-foss-2019b-Python-3.7.4 => SciPy-bundle/2019.10-fosscuda-2019b-Python-3.7.4

Lmod Warning: MODULEPATH directory: "/apps/eb/modules/all" has too many
non-modulefiles (185). Please make sure that modulefiles are in their own
directory and not mixed in with non-modulefiles (e.g. source code)



Lmod Warning: MODULEPATH directory: "/apps/eb/modules/all" has too many
non-modulefiles (185). Please make sure that modulefiles are in their own
directory and not mixed in with non-modulefiles (e.g. source code)




The following have been reloaded with a version change:
  1) LibTIFF/4.0.10-GCCcore-8.3.0 => LibTIFF/4.1.0-GCCcore-8.3.0

Lmod Warning: MODULEPATH directory: "/apps/eb/modules/all" has too many
non-modulefiles (185). Please make sure that modulefiles are in their own
directory and not mixed in with non-modulefiles (e.g. source code)




The following have been reloaded with a version change:
  1) LibTIFF/4.1.0-GCCcore-8.3.0 => LibTIFF/4.0.10-GCCcore-8.3.0
  2) Pillow/7.0.0-GCCcore-8.3.0-Python-3.7.4 => Pillow/6.2.1-GCCcore-8.3.0
  3) SciPy-bundle/2019.10-fosscuda-2019b-Python-3.7.4 => SciPy-bundle/2019.10-foss-2019b-Python-3.7.4
  4) bokeh/1.4.0-fosscuda-2019b-Python-3.7.4 => bokeh/1.4.0-foss-2019b-Python-3.7.4
  5) dask/2.8.0-fosscuda-2019b-Python-3.7.4 => dask/2.8.0-foss-2019b-Python-3.7.4

Lmod Warning: MODULEPATH directory: "/apps/eb/modules/all" has too many
non-modulefiles (185). Please make sure that modulefiles are in their own
directory and not mixed in with non-modulefiles (e.g. source code)




The following have been reloaded with a version change:
  1) FFTW/3.3.8-gompi-2019b => FFTW/3.3.9-gompi-2021a
  2) GCC/8.3.0 => GCC/10.3.0
  3) GCCcore/8.3.0 => GCCcore/10.3.0
  4) GMP/6.1.2-GCCcore-8.3.0 => GMP/6.2.1-GCCcore-10.3.0
  5) LibTIFF/4.0.10-GCCcore-8.3.0 => LibTIFF/4.2.0-GCCcore-10.3.0
  6) NASM/2.14.02-GCCcore-8.3.0 => NASM/2.15.05-GCCcore-10.3.0
  7) OpenBLAS/0.3.7-GCC-8.3.0 => OpenBLAS/0.3.15-GCC-10.3.0
  8) OpenMPI/3.1.4-GCC-8.3.0 => OpenMPI/4.1.1-GCC-10.3.0
  9) Pillow/6.2.1-GCCcore-8.3.0 => Pillow/8.2.0-GCCcore-10.3.0
 10) Python/3.7.4-GCCcore-8.3.0 => Python/3.9.5-GCCcore-10.3.0
 11) SQLite/3.29.0-GCCcore-8.3.0 => SQLite/3.35.4-GCCcore-10.3.0
 12) ScaLAPACK/2.0.2-gompi-2019b => ScaLAPACK/2.1.0-gompi-2021a-fb
 13) SciPy-bundle/2019.10-foss-2019b-Python-3.7.4 => SciPy-bundle/2021.05-foss-2021a
 14) Tcl/8.6.9-GCCcore-8.3.0 => Tcl/8.6.11-GCCcore-10.3.0
 15) Tk/8.6.9-GCCcore-8.3.0 => Tk/8.6.11-GCCcore-10.3.0
 16) Tkinter/3.7.4-GCCcore-8.3.0 => Tkinter/3.9.5-GCCcore-10.3.0
 17) X11/20190717-GCCcore-8.3.0 => X11/20210518-GCCcore-10.3.0
 18) XZ/5.2.4-GCCcore-8.3.0 => XZ/5.2.5-GCCcore-10.3.0
 19) binutils/2.32-GCCcore-8.3.0 => binutils/2.36.1-GCCcore-10.3.0
 20) bzip2/1.0.8-GCCcore-8.3.0 => bzip2/1.0.8-GCCcore-10.3.0
 21) expat/2.2.7-GCCcore-8.3.0 => expat/2.2.9-GCCcore-10.3.0
 22) fontconfig/2.13.1-GCCcore-8.3.0 => fontconfig/2.13.93-GCCcore-10.3.0
 23) foss/2019b => foss/2021a
 24) freetype/2.10.1-GCCcore-8.3.0 => freetype/2.10.4-GCCcore-10.3.0
 25) gompi/2019b => gompi/2021a
 26) hwloc/1.11.12-GCCcore-8.3.0 => hwloc/2.4.1-GCCcore-10.3.0
 27) libffi/3.2.1-GCCcore-8.3.0 => libffi/3.3-GCCcore-10.3.0
 28) libjpeg-turbo/2.0.3-GCCcore-8.3.0 => libjpeg-turbo/2.0.6-GCCcore-10.3.0
 29) libpciaccess/0.14-GCCcore-8.3.0 => libpciaccess/0.16-GCCcore-10.3.0
 30) libpng/1.6.37-GCCcore-8.3.0 => libpng/1.6.37-GCCcore-10.3.0
 31) libreadline/8.0-GCCcore-8.3.0 => libreadline/8.1-GCCcore-10.3.0
 32) libxml2/2.9.9-GCCcore-8.3.0 => libxml2/2.9.10-GCCcore-10.3.0
 33) matplotlib/3.1.1-fosscuda-2019b-Python-3.7.4 => matplotlib/3.4.2-foss-2021a
 34) ncurses/6.1-GCCcore-8.3.0 => ncurses/6.2-GCCcore-10.3.0
 35) numactl/2.0.12-GCCcore-8.3.0 => numactl/2.0.14-GCCcore-10.3.0
 36) pybind11/2.4.3-GCCcore-8.3.0-Python-3.7.4 => pybind11/2.6.2-GCCcore-10.3.0
 37) util-linux/2.34-GCCcore-8.3.0 => util-linux/2.36-GCCcore-10.3.0
 38) xorg-macros/1.19.2-GCCcore-8.3.0 => xorg-macros/1.19.3-GCCcore-10.3.0
 39) zlib/1.2.11-GCCcore-8.3.0 => zlib/1.2.11-GCCcore-10.3.0

