                USUBJID              VISIT_MRI  ...  UMAP10C_COMP2  UMAP10C_COMP3
0  CBAF312A2304_1004002  ses-baselinex20150114  ...      -2.211046       2.829769
1  CBAF312A2304_1004002       ses-EOSx20151228  ...      -2.249338       2.811541
2  CBAF312A2304_1004004  ses-baselinex20150112  ...      -2.272040       2.650103
3  CBAF312A2304_1004004     ses-EOSEPx20171029  ...       0.127895       4.076797
4  CBAF312A2304_1004004       ses-EOSx20160319  ...      -2.207681       2.673504
5  CBAF312A2304_1004004      ses-m12Ex20170322  ...      -2.178608       3.053671
6  CBAF312A2304_1005001  ses-baselinex20141003  ...      -3.675029       1.517527
7  CBAF312A2304_1005001       ses-EOSx20160131  ...      -3.683251       1.546150
8  CBAF312A2304_1005001        ses-FOx20160403  ...      -3.800352       0.408256
9  CBAF312A2304_1005001      ses-m12Ex20170605  ...      -3.818766       0.345203

[10 rows x 5 columns]
======================================== img_names ========================================
Shape of image names (142525,)
# unique img_names 5000
Image names 
 [['CBAF312A2304x1004002' 'ses-EOSx20151228']
 ['CBAF312A2304x1004002' 'ses-EOSx20151228']
 ['CBAF312A2304x1004002' 'ses-EOSx20151228']
 ['CBAF312A2304x1004002' 'ses-EOSx20151228']
 ['CBAF312A2304x1004002' 'ses-EOSx20151228']]
after replacing x with _
Table 0    CBAF312A2304_1004002
1    CBAF312A2304_1004002
2    CBAF312A2304_1004004
3    CBAF312A2304_1004004
4    CBAF312A2304_1004004
Name: USUBJID, dtype: object
img names split shape (142525, 2)
img names split [:,0] ['CBAF312A2304_1004002' 'CBAF312A2304_1004002' 'CBAF312A2304_1004002' ...
 'COMB157G2302_RAND_zO5V9sRgUsfL' 'COMB157G2302_RAND_zO5V9sRgUsfL'
 'COMB157G2302_RAND_zO5V9sRgUsfL']
counts 1    131402
0     10876
2       247
dtype: int64
new mean [-4.32983261e-15 -1.85708954e-14 -3.29528919e-14]
new std [1. 1. 1.]
confounders [[ 0.13368319 -0.17303429 -0.20349197]
 [ 0.13368319 -0.17303429 -0.20349197]
 [ 0.13368319 -0.17303429 -0.20349197]
 [ 0.13368319 -0.17303429 -0.20349197]
 [ 0.13368319 -0.17303429 -0.20349197]]
